Performing Curl Test HAVE_FSETXATTR_5 failed with the following output:
Change Dir: /Users/harshk/harsh_git/Adaptive-AUTOSAR/CMakeFiles/CMakeTmp

Run Build Command(s):/opt/homebrew/Cellar/cmake/3.26.1/bin/cmake -E env VERBOSE=1 /usr/bin/make -f Makefile cmTC_989de/fast && /Library/Developer/CommandLineTools/usr/bin/make  -f CMakeFiles/cmTC_989de.dir/build.make CMakeFiles/cmTC_989de.dir/build
Building C object CMakeFiles/cmTC_989de.dir/CurlTests.c.o
/Library/Developer/CommandLineTools/usr/bin/cc -DcmTC_989de_EXPORTS  -pedantic -Wall -W -Wpointer-arith -Wwrite-strings -Wunused -Wshadow -Winline -Wnested-externs -Wmissing-declarations -Wmissing-prototypes -Wfloat-equal -Wsign-compare -Wundef -Wendif-labels -Wstrict-prototypes -Wdeclaration-after-statement -Wcast-align -Wtype-limits -Wempty-body -Wignored-qualifiers -Wconversion -Wvla -Wdouble-promotion -Wenum-conversion -Wno-long-long -Wno-multichar -Wno-format-nonliteral -Wno-sign-conversion -Wno-system-headers -DHAVE_FSETXATTR_5  -DHAVE_LDAP_H -DHAVE_LBER_H -DHAVE_INTTYPES_H -DHAVE_SYS_FILIO_H -DHAVE_SYS_IOCTL_H -DHAVE_SYS_PARAM_H -DHAVE_SYS_POLL_H -DHAVE_SYS_RESOURCE_H -DHAVE_SYS_SELECT_H -DHAVE_SYS_SOCKET_H -DHAVE_SYS_SOCKIO_H -DHAVE_SYS_STAT_H -DHAVE_SYS_TIME_H -DHAVE_SYS_TYPES_H -DHAVE_SYS_UN_H -DHAVE_SYS_XATTR_H -DHAVE_ARPA_INET_H -DHAVE_ARPA_TFTP_H -DHAVE_FCNTL_H -DHAVE_IFADDRS_H -DHAVE_LIBGEN_H -DHAVE_LOCALE_H -DHAVE_NET_IF_H -DHAVE_NETDB_H -DHAVE_NETINET_IN_H -DHAVE_NETINET_TCP_H -DHAVE_POLL_H -DHAVE_PWD_H -DHAVE_SETJMP_H -DHAVE_SIGNAL_H -DHAVE_STDATOMIC_H -DHAVE_STDBOOL_H -DHAVE_STDINT_H -DHAVE_STDLIB_H -DHAVE_STRING_H -DHAVE_STRINGS_H -DHAVE_TERMIOS_H -DHAVE_TIME_H -DHAVE_UNISTD_H -DHAVE_UTIME_H -DHAVE_STDDEF_H -DHAVE_STDINT_H -DHAVE_SYS_UTSNAME_H -arch arm64 -isysroot /Library/Developer/CommandLineTools/SDKs/MacOSX13.1.sdk -MD -MT CMakeFiles/cmTC_989de.dir/CurlTests.c.o -MF CMakeFiles/cmTC_989de.dir/CurlTests.c.o.d -o CMakeFiles/cmTC_989de.dir/CurlTests.c.o -c /Users/harshk/harsh_git/Adaptive-AUTOSAR/_deps/libcurl-src/CMake/CurlTests.c
/Users/harshk/harsh_git/Adaptive-AUTOSAR/_deps/libcurl-src/CMake/CurlTests.c:431:26: error: too few arguments to function call, expected 6, have 5
  fsetxattr(0, 0, 0, 0, 0);
  ~~~~~~~~~              ^
/Library/Developer/CommandLineTools/SDKs/MacOSX13.1.sdk/usr/include/sys/xattr.h:67:5: note: 'fsetxattr' declared here
int fsetxattr(int fd, const char *name, const void *value, size_t size, u_int32_t position, int options);
    ^
1 error generated.
make[1]: *** [CMakeFiles/cmTC_989de.dir/CurlTests.c.o] Error 1
make: *** [cmTC_989de/fast] Error 2


Performing Curl Test HAVE_IOCTLSOCKET failed with the following output:
Change Dir: /Users/harshk/harsh_git/Adaptive-AUTOSAR/CMakeFiles/CMakeTmp

Run Build Command(s):/opt/homebrew/Cellar/cmake/3.26.1/bin/cmake -E env VERBOSE=1 /usr/bin/make -f Makefile cmTC_3c849/fast && /Library/Developer/CommandLineTools/usr/bin/make  -f CMakeFiles/cmTC_3c849.dir/build.make CMakeFiles/cmTC_3c849.dir/build
Building C object CMakeFiles/cmTC_3c849.dir/CurlTests.c.o
/Library/Developer/CommandLineTools/usr/bin/cc -DcmTC_3c849_EXPORTS  -pedantic -Wall -W -Wpointer-arith -Wwrite-strings -Wunused -Wshadow -Winline -Wnested-externs -Wmissing-declarations -Wmissing-prototypes -Wfloat-equal -Wsign-compare -Wundef -Wendif-labels -Wstrict-prototypes -Wdeclaration-after-statement -Wcast-align -Wtype-limits -Wempty-body -Wignored-qualifiers -Wconversion -Wvla -Wdouble-promotion -Wenum-conversion -Wno-long-long -Wno-multichar -Wno-format-nonliteral -Wno-sign-conversion -Wno-system-headers -DHAVE_IOCTLSOCKET  -DHAVE_LDAP_H -DHAVE_LBER_H -DHAVE_INTTYPES_H -DHAVE_SYS_FILIO_H -DHAVE_SYS_IOCTL_H -DHAVE_SYS_PARAM_H -DHAVE_SYS_POLL_H -DHAVE_SYS_RESOURCE_H -DHAVE_SYS_SELECT_H -DHAVE_SYS_SOCKET_H -DHAVE_SYS_SOCKIO_H -DHAVE_SYS_STAT_H -DHAVE_SYS_TIME_H -DHAVE_SYS_TYPES_H -DHAVE_SYS_UN_H -DHAVE_SYS_XATTR_H -DHAVE_ARPA_INET_H -DHAVE_ARPA_TFTP_H -DHAVE_FCNTL_H -DHAVE_IFADDRS_H -DHAVE_LIBGEN_H -DHAVE_LOCALE_H -DHAVE_NET_IF_H -DHAVE_NETDB_H -DHAVE_NETINET_IN_H -DHAVE_NETINET_TCP_H -DHAVE_POLL_H -DHAVE_PWD_H -DHAVE_SETJMP_H -DHAVE_SIGNAL_H -DHAVE_STDATOMIC_H -DHAVE_STDBOOL_H -DHAVE_STDINT_H -DHAVE_STDLIB_H -DHAVE_STRING_H -DHAVE_STRINGS_H -DHAVE_TERMIOS_H -DHAVE_TIME_H -DHAVE_UNISTD_H -DHAVE_UTIME_H -DHAVE_STDDEF_H -DHAVE_STDINT_H -DHAVE_SYS_UTSNAME_H -arch arm64 -isysroot /Library/Developer/CommandLineTools/SDKs/MacOSX13.1.sdk -MD -MT CMakeFiles/cmTC_3c849.dir/CurlTests.c.o -MF CMakeFiles/cmTC_3c849.dir/CurlTests.c.o.d -o CMakeFiles/cmTC_3c849.dir/CurlTests.c.o -c /Users/harshk/harsh_git/Adaptive-AUTOSAR/_deps/libcurl-src/CMake/CurlTests.c
/Users/harshk/harsh_git/Adaptive-AUTOSAR/_deps/libcurl-src/CMake/CurlTests.c:221:24: error: implicit declaration of function 'ioctlsocket' is invalid in C99 [-Werror,-Wimplicit-function-declaration]
 unsigned long flags = ioctlsocket(socket, FIONBIO, &flags);
                       ^
/Users/harshk/harsh_git/Adaptive-AUTOSAR/_deps/libcurl-src/CMake/CurlTests.c:221:44: error: use of undeclared identifier 'FIONBIO'
 unsigned long flags = ioctlsocket(socket, FIONBIO, &flags);
                                           ^
2 errors generated.
make[1]: *** [CMakeFiles/cmTC_3c849.dir/CurlTests.c.o] Error 1
make: *** [cmTC_3c849/fast] Error 2


Performing Curl Test HAVE_IOCTLSOCKET_CAMEL failed with the following output:
Change Dir: /Users/harshk/harsh_git/Adaptive-AUTOSAR/CMakeFiles/CMakeTmp

Run Build Command(s):/opt/homebrew/Cellar/cmake/3.26.1/bin/cmake -E env VERBOSE=1 /usr/bin/make -f Makefile cmTC_1ca35/fast && /Library/Developer/CommandLineTools/usr/bin/make  -f CMakeFiles/cmTC_1ca35.dir/build.make CMakeFiles/cmTC_1ca35.dir/build
Building C object CMakeFiles/cmTC_1ca35.dir/CurlTests.c.o
/Library/Developer/CommandLineTools/usr/bin/cc -DcmTC_1ca35_EXPORTS  -pedantic -Wall -W -Wpointer-arith -Wwrite-strings -Wunused -Wshadow -Winline -Wnested-externs -Wmissing-declarations -Wmissing-prototypes -Wfloat-equal -Wsign-compare -Wundef -Wendif-labels -Wstrict-prototypes -Wdeclaration-after-statement -Wcast-align -Wtype-limits -Wempty-body -Wignored-qualifiers -Wconversion -Wvla -Wdouble-promotion -Wenum-conversion -Wno-long-long -Wno-multichar -Wno-format-nonliteral -Wno-sign-conversion -Wno-system-headers -DHAVE_IOCTLSOCKET_CAMEL  -DHAVE_LDAP_H -DHAVE_LBER_H -DHAVE_INTTYPES_H -DHAVE_SYS_FILIO_H -DHAVE_SYS_IOCTL_H -DHAVE_SYS_PARAM_H -DHAVE_SYS_POLL_H -DHAVE_SYS_RESOURCE_H -DHAVE_SYS_SELECT_H -DHAVE_SYS_SOCKET_H -DHAVE_SYS_SOCKIO_H -DHAVE_SYS_STAT_H -DHAVE_SYS_TIME_H -DHAVE_SYS_TYPES_H -DHAVE_SYS_UN_H -DHAVE_SYS_XATTR_H -DHAVE_ARPA_INET_H -DHAVE_ARPA_TFTP_H -DHAVE_FCNTL_H -DHAVE_IFADDRS_H -DHAVE_LIBGEN_H -DHAVE_LOCALE_H -DHAVE_NET_IF_H -DHAVE_NETDB_H -DHAVE_NETINET_IN_H -DHAVE_NETINET_TCP_H -DHAVE_POLL_H -DHAVE_PWD_H -DHAVE_SETJMP_H -DHAVE_SIGNAL_H -DHAVE_STDATOMIC_H -DHAVE_STDBOOL_H -DHAVE_STDINT_H -DHAVE_STDLIB_H -DHAVE_STRING_H -DHAVE_STRINGS_H -DHAVE_TERMIOS_H -DHAVE_TIME_H -DHAVE_UNISTD_H -DHAVE_UTIME_H -DHAVE_STDDEF_H -DHAVE_STDINT_H -DHAVE_SYS_UTSNAME_H -arch arm64 -isysroot /Library/Developer/CommandLineTools/SDKs/MacOSX13.1.sdk -MD -MT CMakeFiles/cmTC_1ca35.dir/CurlTests.c.o -MF CMakeFiles/cmTC_1ca35.dir/CurlTests.c.o.d -o CMakeFiles/cmTC_1ca35.dir/CurlTests.c.o -c /Users/harshk/harsh_git/Adaptive-AUTOSAR/_deps/libcurl-src/CMake/CurlTests.c
/Users/harshk/harsh_git/Adaptive-AUTOSAR/_deps/libcurl-src/CMake/CurlTests.c:245:13: error: implicit declaration of function 'IoctlSocket' is invalid in C99 [-Werror,-Wimplicit-function-declaration]
    if(0 != IoctlSocket(0, 0, 0))
            ^
1 error generated.
make[1]: *** [CMakeFiles/cmTC_1ca35.dir/CurlTests.c.o] Error 1
make: *** [cmTC_1ca35/fast] Error 2


Performing Curl Test HAVE_IOCTLSOCKET_CAMEL_FIONBIO failed with the following output:
Change Dir: /Users/harshk/harsh_git/Adaptive-AUTOSAR/CMakeFiles/CMakeTmp

Run Build Command(s):/opt/homebrew/Cellar/cmake/3.26.1/bin/cmake -E env VERBOSE=1 /usr/bin/make -f Makefile cmTC_27221/fast && /Library/Developer/CommandLineTools/usr/bin/make  -f CMakeFiles/cmTC_27221.dir/build.make CMakeFiles/cmTC_27221.dir/build
Building C object CMakeFiles/cmTC_27221.dir/CurlTests.c.o
/Library/Developer/CommandLineTools/usr/bin/cc -DcmTC_27221_EXPORTS  -pedantic -Wall -W -Wpointer-arith -Wwrite-strings -Wunused -Wshadow -Winline -Wnested-externs -Wmissing-declarations -Wmissing-prototypes -Wfloat-equal -Wsign-compare -Wundef -Wendif-labels -Wstrict-prototypes -Wdeclaration-after-statement -Wcast-align -Wtype-limits -Wempty-body -Wignored-qualifiers -Wconversion -Wvla -Wdouble-promotion -Wenum-conversion -Wno-long-long -Wno-multichar -Wno-format-nonliteral -Wno-sign-conversion -Wno-system-headers -DHAVE_IOCTLSOCKET_CAMEL_FIONBIO  -DHAVE_LDAP_H -DHAVE_LBER_H -DHAVE_INTTYPES_H -DHAVE_SYS_FILIO_H -DHAVE_SYS_IOCTL_H -DHAVE_SYS_PARAM_H -DHAVE_SYS_POLL_H -DHAVE_SYS_RESOURCE_H -DHAVE_SYS_SELECT_H -DHAVE_SYS_SOCKET_H -DHAVE_SYS_SOCKIO_H -DHAVE_SYS_STAT_H -DHAVE_SYS_TIME_H -DHAVE_SYS_TYPES_H -DHAVE_SYS_UN_H -DHAVE_SYS_XATTR_H -DHAVE_ARPA_INET_H -DHAVE_ARPA_TFTP_H -DHAVE_FCNTL_H -DHAVE_IFADDRS_H -DHAVE_LIBGEN_H -DHAVE_LOCALE_H -DHAVE_NET_IF_H -DHAVE_NETDB_H -DHAVE_NETINET_IN_H -DHAVE_NETINET_TCP_H -DHAVE_POLL_H -DHAVE_PWD_H -DHAVE_SETJMP_H -DHAVE_SIGNAL_H -DHAVE_STDATOMIC_H -DHAVE_STDBOOL_H -DHAVE_STDINT_H -DHAVE_STDLIB_H -DHAVE_STRING_H -DHAVE_STRINGS_H -DHAVE_TERMIOS_H -DHAVE_TIME_H -DHAVE_UNISTD_H -DHAVE_UTIME_H -DHAVE_STDDEF_H -DHAVE_STDINT_H -DHAVE_SYS_UTSNAME_H -arch arm64 -isysroot /Library/Developer/CommandLineTools/SDKs/MacOSX13.1.sdk -MD -MT CMakeFiles/cmTC_27221.dir/CurlTests.c.o -MF CMakeFiles/cmTC_27221.dir/CurlTests.c.o.d -o CMakeFiles/cmTC_27221.dir/CurlTests.c.o -c /Users/harshk/harsh_git/Adaptive-AUTOSAR/_deps/libcurl-src/CMake/CurlTests.c
/Users/harshk/harsh_git/Adaptive-AUTOSAR/_deps/libcurl-src/CMake/CurlTests.c:269:17: error: implicit declaration of function 'IoctlSocket' is invalid in C99 [-Werror,-Wimplicit-function-declaration]
        if(0 != IoctlSocket(0, FIONBIO, &flags))
                ^
/Users/harshk/harsh_git/Adaptive-AUTOSAR/_deps/libcurl-src/CMake/CurlTests.c:269:32: error: use of undeclared identifier 'FIONBIO'
        if(0 != IoctlSocket(0, FIONBIO, &flags))
                               ^
2 errors generated.
make[1]: *** [CMakeFiles/cmTC_27221.dir/CurlTests.c.o] Error 1
make: *** [cmTC_27221/fast] Error 2


Performing Curl Test HAVE_IOCTLSOCKET_FIONBIO failed with the following output:
Change Dir: /Users/harshk/harsh_git/Adaptive-AUTOSAR/CMakeFiles/CMakeTmp

Run Build Command(s):/opt/homebrew/Cellar/cmake/3.26.1/bin/cmake -E env VERBOSE=1 /usr/bin/make -f Makefile cmTC_c5227/fast && /Library/Developer/CommandLineTools/usr/bin/make  -f CMakeFiles/cmTC_c5227.dir/build.make CMakeFiles/cmTC_c5227.dir/build
Building C object CMakeFiles/cmTC_c5227.dir/CurlTests.c.o
/Library/Developer/CommandLineTools/usr/bin/cc -DcmTC_c5227_EXPORTS  -pedantic -Wall -W -Wpointer-arith -Wwrite-strings -Wunused -Wshadow -Winline -Wnested-externs -Wmissing-declarations -Wmissing-prototypes -Wfloat-equal -Wsign-compare -Wundef -Wendif-labels -Wstrict-prototypes -Wdeclaration-after-statement -Wcast-align -Wtype-limits -Wempty-body -Wignored-qualifiers -Wconversion -Wvla -Wdouble-promotion -Wenum-conversion -Wno-long-long -Wno-multichar -Wno-format-nonliteral -Wno-sign-conversion -Wno-system-headers -DHAVE_IOCTLSOCKET_FIONBIO  -DHAVE_LDAP_H -DHAVE_LBER_H -DHAVE_INTTYPES_H -DHAVE_SYS_FILIO_H -DHAVE_SYS_IOCTL_H -DHAVE_SYS_PARAM_H -DHAVE_SYS_POLL_H -DHAVE_SYS_RESOURCE_H -DHAVE_SYS_SELECT_H -DHAVE_SYS_SOCKET_H -DHAVE_SYS_SOCKIO_H -DHAVE_SYS_STAT_H -DHAVE_SYS_TIME_H -DHAVE_SYS_TYPES_H -DHAVE_SYS_UN_H -DHAVE_SYS_XATTR_H -DHAVE_ARPA_INET_H -DHAVE_ARPA_TFTP_H -DHAVE_FCNTL_H -DHAVE_IFADDRS_H -DHAVE_LIBGEN_H -DHAVE_LOCALE_H -DHAVE_NET_IF_H -DHAVE_NETDB_H -DHAVE_NETINET_IN_H -DHAVE_NETINET_TCP_H -DHAVE_POLL_H -DHAVE_PWD_H -DHAVE_SETJMP_H -DHAVE_SIGNAL_H -DHAVE_STDATOMIC_H -DHAVE_STDBOOL_H -DHAVE_STDINT_H -DHAVE_STDLIB_H -DHAVE_STRING_H -DHAVE_STRINGS_H -DHAVE_TERMIOS_H -DHAVE_TIME_H -DHAVE_UNISTD_H -DHAVE_UTIME_H -DHAVE_STDDEF_H -DHAVE_STDINT_H -DHAVE_SYS_UTSNAME_H -arch arm64 -isysroot /Library/Developer/CommandLineTools/SDKs/MacOSX13.1.sdk -MD -MT CMakeFiles/cmTC_c5227.dir/CurlTests.c.o -MF CMakeFiles/cmTC_c5227.dir/CurlTests.c.o.d -o CMakeFiles/cmTC_c5227.dir/CurlTests.c.o -c /Users/harshk/harsh_git/Adaptive-AUTOSAR/_deps/libcurl-src/CMake/CurlTests.c
/Users/harshk/harsh_git/Adaptive-AUTOSAR/_deps/libcurl-src/CMake/CurlTests.c:292:17: error: implicit declaration of function 'ioctlsocket' is invalid in C99 [-Werror,-Wimplicit-function-declaration]
        if(0 != ioctlsocket(0, FIONBIO, &flags))
                ^
/Users/harshk/harsh_git/Adaptive-AUTOSAR/_deps/libcurl-src/CMake/CurlTests.c:292:32: error: use of undeclared identifier 'FIONBIO'
        if(0 != ioctlsocket(0, FIONBIO, &flags))
                               ^
2 errors generated.
make[1]: *** [CMakeFiles/cmTC_c5227.dir/CurlTests.c.o] Error 1
make: *** [cmTC_c5227/fast] Error 2


Performing Curl Test HAVE_SETSOCKOPT_SO_NONBLOCK failed with the following output:
Change Dir: /Users/harshk/harsh_git/Adaptive-AUTOSAR/CMakeFiles/CMakeTmp

Run Build Command(s):/opt/homebrew/Cellar/cmake/3.26.1/bin/cmake -E env VERBOSE=1 /usr/bin/make -f Makefile cmTC_9178d/fast && /Library/Developer/CommandLineTools/usr/bin/make  -f CMakeFiles/cmTC_9178d.dir/build.make CMakeFiles/cmTC_9178d.dir/build
Building C object CMakeFiles/cmTC_9178d.dir/CurlTests.c.o
/Library/Developer/CommandLineTools/usr/bin/cc -DcmTC_9178d_EXPORTS  -pedantic -Wall -W -Wpointer-arith -Wwrite-strings -Wunused -Wshadow -Winline -Wnested-externs -Wmissing-declarations -Wmissing-prototypes -Wfloat-equal -Wsign-compare -Wundef -Wendif-labels -Wstrict-prototypes -Wdeclaration-after-statement -Wcast-align -Wtype-limits -Wempty-body -Wignored-qualifiers -Wconversion -Wvla -Wdouble-promotion -Wenum-conversion -Wno-long-long -Wno-multichar -Wno-format-nonliteral -Wno-sign-conversion -Wno-system-headers -DHAVE_SETSOCKOPT_SO_NONBLOCK  -DHAVE_LDAP_H -DHAVE_LBER_H -DHAVE_INTTYPES_H -DHAVE_SYS_FILIO_H -DHAVE_SYS_IOCTL_H -DHAVE_SYS_PARAM_H -DHAVE_SYS_POLL_H -DHAVE_SYS_RESOURCE_H -DHAVE_SYS_SELECT_H -DHAVE_SYS_SOCKET_H -DHAVE_SYS_SOCKIO_H -DHAVE_SYS_STAT_H -DHAVE_SYS_TIME_H -DHAVE_SYS_TYPES_H -DHAVE_SYS_UN_H -DHAVE_SYS_XATTR_H -DHAVE_ARPA_INET_H -DHAVE_ARPA_TFTP_H -DHAVE_FCNTL_H -DHAVE_IFADDRS_H -DHAVE_LIBGEN_H -DHAVE_LOCALE_H -DHAVE_NET_IF_H -DHAVE_NETDB_H -DHAVE_NETINET_IN_H -DHAVE_NETINET_TCP_H -DHAVE_POLL_H -DHAVE_PWD_H -DHAVE_SETJMP_H -DHAVE_SIGNAL_H -DHAVE_STDATOMIC_H -DHAVE_STDBOOL_H -DHAVE_STDINT_H -DHAVE_STDLIB_H -DHAVE_STRING_H -DHAVE_STRINGS_H -DHAVE_TERMIOS_H -DHAVE_TIME_H -DHAVE_UNISTD_H -DHAVE_UTIME_H -DHAVE_STDDEF_H -DHAVE_STDINT_H -DHAVE_SYS_UTSNAME_H -arch arm64 -isysroot /Library/Developer/CommandLineTools/SDKs/MacOSX13.1.sdk -MD -MT CMakeFiles/cmTC_9178d.dir/CurlTests.c.o -MF CMakeFiles/cmTC_9178d.dir/CurlTests.c.o.d -o CMakeFiles/cmTC_9178d.dir/CurlTests.c.o -c /Users/harshk/harsh_git/Adaptive-AUTOSAR/_deps/libcurl-src/CMake/CurlTests.c
/Users/harshk/harsh_git/Adaptive-AUTOSAR/_deps/libcurl-src/CMake/CurlTests.c:384:43: error: use of undeclared identifier 'SO_NONBLOCK'
        if(0 != setsockopt(0, SOL_SOCKET, SO_NONBLOCK, 0, 0))
                                          ^
1 error generated.
make[1]: *** [CMakeFiles/cmTC_9178d.dir/CurlTests.c.o] Error 1
make: *** [cmTC_9178d/fast] Error 2


Performing Curl Test HAVE_O_NONBLOCK failed with the following output:
Change Dir: /Users/harshk/harsh_git/Adaptive-AUTOSAR/CMakeFiles/CMakeTmp

Run Build Command(s):/opt/homebrew/Cellar/cmake/3.26.1/bin/cmake -E env VERBOSE=1 /usr/bin/make -f Makefile cmTC_00902/fast && /Library/Developer/CommandLineTools/usr/bin/make  -f CMakeFiles/cmTC_00902.dir/build.make CMakeFiles/cmTC_00902.dir/build
Building C object CMakeFiles/cmTC_00902.dir/CurlTests.c.o
/Library/Developer/CommandLineTools/usr/bin/cc -DcmTC_00902_EXPORTS  -pedantic -Wall -W -Wpointer-arith -Wwrite-strings -Wunused -Wshadow -Winline -Wnested-externs -Wmissing-declarations -Wmissing-prototypes -Wfloat-equal -Wsign-compare -Wundef -Wendif-labels -Wstrict-prototypes -Wdeclaration-after-statement -Wcast-align -Wtype-limits -Wempty-body -Wignored-qualifiers -Wconversion -Wvla -Wdouble-promotion -Wenum-conversion -Wno-long-long -Wno-multichar -Wno-format-nonliteral -Wno-sign-conversion -Wno-system-headers -DHAVE_O_NONBLOCK  -DHAVE_LDAP_H -DHAVE_LBER_H -DHAVE_INTTYPES_H -DHAVE_SYS_FILIO_H -DHAVE_SYS_IOCTL_H -DHAVE_SYS_PARAM_H -DHAVE_SYS_POLL_H -DHAVE_SYS_RESOURCE_H -DHAVE_SYS_SELECT_H -DHAVE_SYS_SOCKET_H -DHAVE_SYS_SOCKIO_H -DHAVE_SYS_STAT_H -DHAVE_SYS_TIME_H -DHAVE_SYS_TYPES_H -DHAVE_SYS_UN_H -DHAVE_SYS_XATTR_H -DHAVE_ARPA_INET_H -DHAVE_ARPA_TFTP_H -DHAVE_FCNTL_H -DHAVE_IFADDRS_H -DHAVE_LIBGEN_H -DHAVE_LOCALE_H -DHAVE_NET_IF_H -DHAVE_NETDB_H -DHAVE_NETINET_IN_H -DHAVE_NETINET_TCP_H -DHAVE_POLL_H -DHAVE_PWD_H -DHAVE_SETJMP_H -DHAVE_SIGNAL_H -DHAVE_STDATOMIC_H -DHAVE_STDBOOL_H -DHAVE_STDINT_H -DHAVE_STDLIB_H -DHAVE_STRING_H -DHAVE_STRINGS_H -DHAVE_TERMIOS_H -DHAVE_TIME_H -DHAVE_UNISTD_H -DHAVE_UTIME_H -DHAVE_STDDEF_H -DHAVE_STDINT_H -DHAVE_SYS_UTSNAME_H -arch arm64 -isysroot /Library/Developer/CommandLineTools/SDKs/MacOSX13.1.sdk -MD -MT CMakeFiles/cmTC_00902.dir/CurlTests.c.o -MF CMakeFiles/cmTC_00902.dir/CurlTests.c.o.d -o CMakeFiles/cmTC_00902.dir/CurlTests.c.o -c /Users/harshk/harsh_git/Adaptive-AUTOSAR/_deps/libcurl-src/CMake/CurlTests.c
/Users/harshk/harsh_git/Adaptive-AUTOSAR/_deps/libcurl-src/CMake/CurlTests.c:532:7: warning: ISO C requires a translation unit to contain at least one declaration [-Wempty-translation-unit]
#endif
      ^
1 warning generated.
Linking C executable cmTC_00902
/opt/homebrew/Cellar/cmake/3.26.1/bin/cmake -E cmake_link_script CMakeFiles/cmTC_00902.dir/link.txt --verbose=1
/Library/Developer/CommandLineTools/usr/bin/cc  -pedantic -Wall -W -Wpointer-arith -Wwrite-strings -Wunused -Wshadow -Winline -Wnested-externs -Wmissing-declarations -Wmissing-prototypes -Wfloat-equal -Wsign-compare -Wundef -Wendif-labels -Wstrict-prototypes -Wdeclaration-after-statement -Wcast-align -Wtype-limits -Wempty-body -Wignored-qualifiers -Wconversion -Wvla -Wdouble-promotion -Wenum-conversion -Wno-long-long -Wno-multichar -Wno-format-nonliteral -Wno-sign-conversion -Wno-system-headers -DHAVE_O_NONBLOCK  -DHAVE_LDAP_H -DHAVE_LBER_H -DHAVE_INTTYPES_H -DHAVE_SYS_FILIO_H -DHAVE_SYS_IOCTL_H -DHAVE_SYS_PARAM_H -DHAVE_SYS_POLL_H -DHAVE_SYS_RESOURCE_H -DHAVE_SYS_SELECT_H -DHAVE_SYS_SOCKET_H -DHAVE_SYS_SOCKIO_H -DHAVE_SYS_STAT_H -DHAVE_SYS_TIME_H -DHAVE_SYS_TYPES_H -DHAVE_SYS_UN_H -DHAVE_SYS_XATTR_H -DHAVE_ARPA_INET_H -DHAVE_ARPA_TFTP_H -DHAVE_FCNTL_H -DHAVE_IFADDRS_H -DHAVE_LIBGEN_H -DHAVE_LOCALE_H -DHAVE_NET_IF_H -DHAVE_NETDB_H -DHAVE_NETINET_IN_H -DHAVE_NETINET_TCP_H -DHAVE_POLL_H -DHAVE_PWD_H -DHAVE_SETJMP_H -DHAVE_SIGNAL_H -DHAVE_STDATOMIC_H -DHAVE_STDBOOL_H -DHAVE_STDINT_H -DHAVE_STDLIB_H -DHAVE_STRING_H -DHAVE_STRINGS_H -DHAVE_TERMIOS_H -DHAVE_TIME_H -DHAVE_UNISTD_H -DHAVE_UTIME_H -DHAVE_STDDEF_H -DHAVE_STDINT_H -DHAVE_SYS_UTSNAME_H -arch arm64 -isysroot /Library/Developer/CommandLineTools/SDKs/MacOSX13.1.sdk -Wl,-search_paths_first -Wl,-headerpad_max_install_names CMakeFiles/cmTC_00902.dir/CurlTests.c.o -o cmTC_00902 
Undefined symbols for architecture arm64:
  "_main", referenced from:
     implicit entry/start for main executable
ld: symbol(s) not found for architecture arm64
clang: error: linker command failed with exit code 1 (use -v to see invocation)
make[1]: *** [cmTC_00902] Error 1
make: *** [cmTC_00902/fast] Error 2


Performing Curl Test HAVE_GETHOSTBYNAME_R_3 failed with the following output:
Change Dir: /Users/harshk/harsh_git/Adaptive-AUTOSAR/CMakeFiles/CMakeTmp

Run Build Command(s):/opt/homebrew/Cellar/cmake/3.26.1/bin/cmake -E env VERBOSE=1 /usr/bin/make -f Makefile cmTC_48097/fast && /Library/Developer/CommandLineTools/usr/bin/make  -f CMakeFiles/cmTC_48097.dir/build.make CMakeFiles/cmTC_48097.dir/build
Building C object CMakeFiles/cmTC_48097.dir/CurlTests.c.o
/Library/Developer/CommandLineTools/usr/bin/cc -DcmTC_48097_EXPORTS  -pedantic -Wall -W -Wpointer-arith -Wwrite-strings -Wunused -Wshadow -Winline -Wnested-externs -Wmissing-declarations -Wmissing-prototypes -Wfloat-equal -Wsign-compare -Wundef -Wendif-labels -Wstrict-prototypes -Wdeclaration-after-statement -Wcast-align -Wtype-limits -Wempty-body -Wignored-qualifiers -Wconversion -Wvla -Wdouble-promotion -Wenum-conversion -Wno-long-long -Wno-multichar -Wno-format-nonliteral -Wno-sign-conversion -Wno-system-headers -DHAVE_GETHOSTBYNAME_R_3  -DHAVE_LDAP_H -DHAVE_LBER_H -DHAVE_INTTYPES_H -DHAVE_SYS_FILIO_H -DHAVE_SYS_IOCTL_H -DHAVE_SYS_PARAM_H -DHAVE_SYS_POLL_H -DHAVE_SYS_RESOURCE_H -DHAVE_SYS_SELECT_H -DHAVE_SYS_SOCKET_H -DHAVE_SYS_SOCKIO_H -DHAVE_SYS_STAT_H -DHAVE_SYS_TIME_H -DHAVE_SYS_TYPES_H -DHAVE_SYS_UN_H -DHAVE_SYS_XATTR_H -DHAVE_ARPA_INET_H -DHAVE_ARPA_TFTP_H -DHAVE_FCNTL_H -DHAVE_IFADDRS_H -DHAVE_LIBGEN_H -DHAVE_LOCALE_H -DHAVE_NET_IF_H -DHAVE_NETDB_H -DHAVE_NETINET_IN_H -DHAVE_NETINET_TCP_H -DHAVE_POLL_H -DHAVE_PWD_H -DHAVE_SETJMP_H -DHAVE_SIGNAL_H -DHAVE_STDATOMIC_H -DHAVE_STDBOOL_H -DHAVE_STDINT_H -DHAVE_STDLIB_H -DHAVE_STRING_H -DHAVE_STRINGS_H -DHAVE_TERMIOS_H -DHAVE_TIME_H -DHAVE_UNISTD_H -DHAVE_UTIME_H -DHAVE_STDDEF_H -DHAVE_STDINT_H -DHAVE_SYS_UTSNAME_H -arch arm64 -isysroot /Library/Developer/CommandLineTools/SDKs/MacOSX13.1.sdk -MD -MT CMakeFiles/cmTC_48097.dir/CurlTests.c.o -MF CMakeFiles/cmTC_48097.dir/CurlTests.c.o.d -o CMakeFiles/cmTC_48097.dir/CurlTests.c.o -c /Users/harshk/harsh_git/Adaptive-AUTOSAR/_deps/libcurl-src/CMake/CurlTests.c
/Users/harshk/harsh_git/Adaptive-AUTOSAR/_deps/libcurl-src/CMake/CurlTests.c:92:9: warning: initializing 'char *' with an expression of type 'const char[12]' discards qualifiers [-Wincompatible-pointer-types-discards-qualifiers]
  char *address = "example.com";
        ^         ~~~~~~~~~~~~~
/Users/harshk/harsh_git/Adaptive-AUTOSAR/_deps/libcurl-src/CMake/CurlTests.c:99:23: error: variable has incomplete type 'struct hostent_data'
  struct hostent_data hdata;
                      ^
/Users/harshk/harsh_git/Adaptive-AUTOSAR/_deps/libcurl-src/CMake/CurlTests.c:99:10: note: forward declaration of 'struct hostent_data'
  struct hostent_data hdata;
         ^
/Users/harshk/harsh_git/Adaptive-AUTOSAR/_deps/libcurl-src/CMake/CurlTests.c:111:8: error: implicit declaration of function 'gethostbyname_r' is invalid in C99 [-Werror,-Wimplicit-function-declaration]
  rc = gethostbyname_r(address, &h, &hdata);
       ^
1 warning and 2 errors generated.
make[1]: *** [CMakeFiles/cmTC_48097.dir/CurlTests.c.o] Error 1
make: *** [cmTC_48097/fast] Error 2


Performing Curl Test HAVE_GETHOSTBYNAME_R_5 failed with the following output:
Change Dir: /Users/harshk/harsh_git/Adaptive-AUTOSAR/CMakeFiles/CMakeTmp

Run Build Command(s):/opt/homebrew/Cellar/cmake/3.26.1/bin/cmake -E env VERBOSE=1 /usr/bin/make -f Makefile cmTC_b504b/fast && /Library/Developer/CommandLineTools/usr/bin/make  -f CMakeFiles/cmTC_b504b.dir/build.make CMakeFiles/cmTC_b504b.dir/build
Building C object CMakeFiles/cmTC_b504b.dir/CurlTests.c.o
/Library/Developer/CommandLineTools/usr/bin/cc -DcmTC_b504b_EXPORTS  -pedantic -Wall -W -Wpointer-arith -Wwrite-strings -Wunused -Wshadow -Winline -Wnested-externs -Wmissing-declarations -Wmissing-prototypes -Wfloat-equal -Wsign-compare -Wundef -Wendif-labels -Wstrict-prototypes -Wdeclaration-after-statement -Wcast-align -Wtype-limits -Wempty-body -Wignored-qualifiers -Wconversion -Wvla -Wdouble-promotion -Wenum-conversion -Wno-long-long -Wno-multichar -Wno-format-nonliteral -Wno-sign-conversion -Wno-system-headers -DHAVE_GETHOSTBYNAME_R_5  -DHAVE_LDAP_H -DHAVE_LBER_H -DHAVE_INTTYPES_H -DHAVE_SYS_FILIO_H -DHAVE_SYS_IOCTL_H -DHAVE_SYS_PARAM_H -DHAVE_SYS_POLL_H -DHAVE_SYS_RESOURCE_H -DHAVE_SYS_SELECT_H -DHAVE_SYS_SOCKET_H -DHAVE_SYS_SOCKIO_H -DHAVE_SYS_STAT_H -DHAVE_SYS_TIME_H -DHAVE_SYS_TYPES_H -DHAVE_SYS_UN_H -DHAVE_SYS_XATTR_H -DHAVE_ARPA_INET_H -DHAVE_ARPA_TFTP_H -DHAVE_FCNTL_H -DHAVE_IFADDRS_H -DHAVE_LIBGEN_H -DHAVE_LOCALE_H -DHAVE_NET_IF_H -DHAVE_NETDB_H -DHAVE_NETINET_IN_H -DHAVE_NETINET_TCP_H -DHAVE_POLL_H -DHAVE_PWD_H -DHAVE_SETJMP_H -DHAVE_SIGNAL_H -DHAVE_STDATOMIC_H -DHAVE_STDBOOL_H -DHAVE_STDINT_H -DHAVE_STDLIB_H -DHAVE_STRING_H -DHAVE_STRINGS_H -DHAVE_TERMIOS_H -DHAVE_TIME_H -DHAVE_UNISTD_H -DHAVE_UTIME_H -DHAVE_STDDEF_H -DHAVE_STDINT_H -DHAVE_SYS_UTSNAME_H -arch arm64 -isysroot /Library/Developer/CommandLineTools/SDKs/MacOSX13.1.sdk -MD -MT CMakeFiles/cmTC_b504b.dir/CurlTests.c.o -MF CMakeFiles/cmTC_b504b.dir/CurlTests.c.o.d -o CMakeFiles/cmTC_b504b.dir/CurlTests.c.o -c /Users/harshk/harsh_git/Adaptive-AUTOSAR/_deps/libcurl-src/CMake/CurlTests.c
/Users/harshk/harsh_git/Adaptive-AUTOSAR/_deps/libcurl-src/CMake/CurlTests.c:92:9: warning: initializing 'char *' with an expression of type 'const char[12]' discards qualifiers [-Wincompatible-pointer-types-discards-qualifiers]
  char *address = "example.com";
        ^         ~~~~~~~~~~~~~
/Users/harshk/harsh_git/Adaptive-AUTOSAR/_deps/libcurl-src/CMake/CurlTests.c:114:8: error: implicit declaration of function 'gethostbyname_r' is invalid in C99 [-Werror,-Wimplicit-function-declaration]
  rc = gethostbyname_r(address, &h, buffer, 8192, &h_errnop);
       ^
1 warning and 1 error generated.
make[1]: *** [CMakeFiles/cmTC_b504b.dir/CurlTests.c.o] Error 1
make: *** [cmTC_b504b/fast] Error 2


Performing Curl Test HAVE_GETHOSTBYNAME_R_6 failed with the following output:
Change Dir: /Users/harshk/harsh_git/Adaptive-AUTOSAR/CMakeFiles/CMakeTmp

Run Build Command(s):/opt/homebrew/Cellar/cmake/3.26.1/bin/cmake -E env VERBOSE=1 /usr/bin/make -f Makefile cmTC_4e566/fast && /Library/Developer/CommandLineTools/usr/bin/make  -f CMakeFiles/cmTC_4e566.dir/build.make CMakeFiles/cmTC_4e566.dir/build
Building C object CMakeFiles/cmTC_4e566.dir/CurlTests.c.o
/Library/Developer/CommandLineTools/usr/bin/cc -DcmTC_4e566_EXPORTS  -pedantic -Wall -W -Wpointer-arith -Wwrite-strings -Wunused -Wshadow -Winline -Wnested-externs -Wmissing-declarations -Wmissing-prototypes -Wfloat-equal -Wsign-compare -Wundef -Wendif-labels -Wstrict-prototypes -Wdeclaration-after-statement -Wcast-align -Wtype-limits -Wempty-body -Wignored-qualifiers -Wconversion -Wvla -Wdouble-promotion -Wenum-conversion -Wno-long-long -Wno-multichar -Wno-format-nonliteral -Wno-sign-conversion -Wno-system-headers -DHAVE_GETHOSTBYNAME_R_6  -DHAVE_LDAP_H -DHAVE_LBER_H -DHAVE_INTTYPES_H -DHAVE_SYS_FILIO_H -DHAVE_SYS_IOCTL_H -DHAVE_SYS_PARAM_H -DHAVE_SYS_POLL_H -DHAVE_SYS_RESOURCE_H -DHAVE_SYS_SELECT_H -DHAVE_SYS_SOCKET_H -DHAVE_SYS_SOCKIO_H -DHAVE_SYS_STAT_H -DHAVE_SYS_TIME_H -DHAVE_SYS_TYPES_H -DHAVE_SYS_UN_H -DHAVE_SYS_XATTR_H -DHAVE_ARPA_INET_H -DHAVE_ARPA_TFTP_H -DHAVE_FCNTL_H -DHAVE_IFADDRS_H -DHAVE_LIBGEN_H -DHAVE_LOCALE_H -DHAVE_NET_IF_H -DHAVE_NETDB_H -DHAVE_NETINET_IN_H -DHAVE_NETINET_TCP_H -DHAVE_POLL_H -DHAVE_PWD_H -DHAVE_SETJMP_H -DHAVE_SIGNAL_H -DHAVE_STDATOMIC_H -DHAVE_STDBOOL_H -DHAVE_STDINT_H -DHAVE_STDLIB_H -DHAVE_STRING_H -DHAVE_STRINGS_H -DHAVE_TERMIOS_H -DHAVE_TIME_H -DHAVE_UNISTD_H -DHAVE_UTIME_H -DHAVE_STDDEF_H -DHAVE_STDINT_H -DHAVE_SYS_UTSNAME_H -arch arm64 -isysroot /Library/Developer/CommandLineTools/SDKs/MacOSX13.1.sdk -MD -MT CMakeFiles/cmTC_4e566.dir/CurlTests.c.o -MF CMakeFiles/cmTC_4e566.dir/CurlTests.c.o.d -o CMakeFiles/cmTC_4e566.dir/CurlTests.c.o -c /Users/harshk/harsh_git/Adaptive-AUTOSAR/_deps/libcurl-src/CMake/CurlTests.c
/Users/harshk/harsh_git/Adaptive-AUTOSAR/_deps/libcurl-src/CMake/CurlTests.c:92:9: warning: initializing 'char *' with an expression of type 'const char[12]' discards qualifiers [-Wincompatible-pointer-types-discards-qualifiers]
  char *address = "example.com";
        ^         ~~~~~~~~~~~~~
/Users/harshk/harsh_git/Adaptive-AUTOSAR/_deps/libcurl-src/CMake/CurlTests.c:118:8: error: implicit declaration of function 'gethostbyname_r' is invalid in C99 [-Werror,-Wimplicit-function-declaration]
  rc = gethostbyname_r(address, &h, buffer, 8192, &hp, &h_errnop);
       ^
1 warning and 1 error generated.
make[1]: *** [CMakeFiles/cmTC_4e566.dir/CurlTests.c.o] Error 1
make: *** [cmTC_4e566/fast] Error 2


Performing Curl Test HAVE_GETHOSTBYNAME_R_3_REENTRANT failed with the following output:
Change Dir: /Users/harshk/harsh_git/Adaptive-AUTOSAR/CMakeFiles/CMakeTmp

Run Build Command(s):/opt/homebrew/Cellar/cmake/3.26.1/bin/cmake -E env VERBOSE=1 /usr/bin/make -f Makefile cmTC_f01c5/fast && /Library/Developer/CommandLineTools/usr/bin/make  -f CMakeFiles/cmTC_f01c5.dir/build.make CMakeFiles/cmTC_f01c5.dir/build
Building C object CMakeFiles/cmTC_f01c5.dir/CurlTests.c.o
/Library/Developer/CommandLineTools/usr/bin/cc -DcmTC_f01c5_EXPORTS  -pedantic -Wall -W -Wpointer-arith -Wwrite-strings -Wunused -Wshadow -Winline -Wnested-externs -Wmissing-declarations -Wmissing-prototypes -Wfloat-equal -Wsign-compare -Wundef -Wendif-labels -Wstrict-prototypes -Wdeclaration-after-statement -Wcast-align -Wtype-limits -Wempty-body -Wignored-qualifiers -Wconversion -Wvla -Wdouble-promotion -Wenum-conversion -Wno-long-long -Wno-multichar -Wno-format-nonliteral -Wno-sign-conversion -Wno-system-headers -DHAVE_GETHOSTBYNAME_R_3_REENTRANT  -DHAVE_LDAP_H -DHAVE_LBER_H -DHAVE_INTTYPES_H -DHAVE_SYS_FILIO_H -DHAVE_SYS_IOCTL_H -DHAVE_SYS_PARAM_H -DHAVE_SYS_POLL_H -DHAVE_SYS_RESOURCE_H -DHAVE_SYS_SELECT_H -DHAVE_SYS_SOCKET_H -DHAVE_SYS_SOCKIO_H -DHAVE_SYS_STAT_H -DHAVE_SYS_TIME_H -DHAVE_SYS_TYPES_H -DHAVE_SYS_UN_H -DHAVE_SYS_XATTR_H -DHAVE_ARPA_INET_H -DHAVE_ARPA_TFTP_H -DHAVE_FCNTL_H -DHAVE_IFADDRS_H -DHAVE_LIBGEN_H -DHAVE_LOCALE_H -DHAVE_NET_IF_H -DHAVE_NETDB_H -DHAVE_NETINET_IN_H -DHAVE_NETINET_TCP_H -DHAVE_POLL_H -DHAVE_PWD_H -DHAVE_SETJMP_H -DHAVE_SIGNAL_H -DHAVE_STDATOMIC_H -DHAVE_STDBOOL_H -DHAVE_STDINT_H -DHAVE_STDLIB_H -DHAVE_STRING_H -DHAVE_STRINGS_H -DHAVE_TERMIOS_H -DHAVE_TIME_H -DHAVE_UNISTD_H -DHAVE_UTIME_H -DHAVE_STDDEF_H -DHAVE_STDINT_H -DHAVE_SYS_UTSNAME_H -arch arm64 -isysroot /Library/Developer/CommandLineTools/SDKs/MacOSX13.1.sdk -MD -MT CMakeFiles/cmTC_f01c5.dir/CurlTests.c.o -MF CMakeFiles/cmTC_f01c5.dir/CurlTests.c.o.d -o CMakeFiles/cmTC_f01c5.dir/CurlTests.c.o -c /Users/harshk/harsh_git/Adaptive-AUTOSAR/_deps/libcurl-src/CMake/CurlTests.c
/Users/harshk/harsh_git/Adaptive-AUTOSAR/_deps/libcurl-src/CMake/CurlTests.c:92:9: warning: initializing 'char *' with an expression of type 'const char[12]' discards qualifiers [-Wincompatible-pointer-types-discards-qualifiers]
  char *address = "example.com";
        ^         ~~~~~~~~~~~~~
/Users/harshk/harsh_git/Adaptive-AUTOSAR/_deps/libcurl-src/CMake/CurlTests.c:99:23: error: variable has incomplete type 'struct hostent_data'
  struct hostent_data hdata;
                      ^
/Users/harshk/harsh_git/Adaptive-AUTOSAR/_deps/libcurl-src/CMake/CurlTests.c:99:10: note: forward declaration of 'struct hostent_data'
  struct hostent_data hdata;
         ^
/Users/harshk/harsh_git/Adaptive-AUTOSAR/_deps/libcurl-src/CMake/CurlTests.c:111:8: error: implicit declaration of function 'gethostbyname_r' is invalid in C99 [-Werror,-Wimplicit-function-declaration]
  rc = gethostbyname_r(address, &h, &hdata);
       ^
1 warning and 2 errors generated.
make[1]: *** [CMakeFiles/cmTC_f01c5.dir/CurlTests.c.o] Error 1
make: *** [cmTC_f01c5/fast] Error 2


Performing Curl Test HAVE_GETHOSTBYNAME_R_5_REENTRANT failed with the following output:
Change Dir: /Users/harshk/harsh_git/Adaptive-AUTOSAR/CMakeFiles/CMakeTmp

Run Build Command(s):/opt/homebrew/Cellar/cmake/3.26.1/bin/cmake -E env VERBOSE=1 /usr/bin/make -f Makefile cmTC_a7d00/fast && /Library/Developer/CommandLineTools/usr/bin/make  -f CMakeFiles/cmTC_a7d00.dir/build.make CMakeFiles/cmTC_a7d00.dir/build
Building C object CMakeFiles/cmTC_a7d00.dir/CurlTests.c.o
/Library/Developer/CommandLineTools/usr/bin/cc -DcmTC_a7d00_EXPORTS  -pedantic -Wall -W -Wpointer-arith -Wwrite-strings -Wunused -Wshadow -Winline -Wnested-externs -Wmissing-declarations -Wmissing-prototypes -Wfloat-equal -Wsign-compare -Wundef -Wendif-labels -Wstrict-prototypes -Wdeclaration-after-statement -Wcast-align -Wtype-limits -Wempty-body -Wignored-qualifiers -Wconversion -Wvla -Wdouble-promotion -Wenum-conversion -Wno-long-long -Wno-multichar -Wno-format-nonliteral -Wno-sign-conversion -Wno-system-headers -DHAVE_GETHOSTBYNAME_R_5_REENTRANT  -DHAVE_LDAP_H -DHAVE_LBER_H -DHAVE_INTTYPES_H -DHAVE_SYS_FILIO_H -DHAVE_SYS_IOCTL_H -DHAVE_SYS_PARAM_H -DHAVE_SYS_POLL_H -DHAVE_SYS_RESOURCE_H -DHAVE_SYS_SELECT_H -DHAVE_SYS_SOCKET_H -DHAVE_SYS_SOCKIO_H -DHAVE_SYS_STAT_H -DHAVE_SYS_TIME_H -DHAVE_SYS_TYPES_H -DHAVE_SYS_UN_H -DHAVE_SYS_XATTR_H -DHAVE_ARPA_INET_H -DHAVE_ARPA_TFTP_H -DHAVE_FCNTL_H -DHAVE_IFADDRS_H -DHAVE_LIBGEN_H -DHAVE_LOCALE_H -DHAVE_NET_IF_H -DHAVE_NETDB_H -DHAVE_NETINET_IN_H -DHAVE_NETINET_TCP_H -DHAVE_POLL_H -DHAVE_PWD_H -DHAVE_SETJMP_H -DHAVE_SIGNAL_H -DHAVE_STDATOMIC_H -DHAVE_STDBOOL_H -DHAVE_STDINT_H -DHAVE_STDLIB_H -DHAVE_STRING_H -DHAVE_STRINGS_H -DHAVE_TERMIOS_H -DHAVE_TIME_H -DHAVE_UNISTD_H -DHAVE_UTIME_H -DHAVE_STDDEF_H -DHAVE_STDINT_H -DHAVE_SYS_UTSNAME_H -arch arm64 -isysroot /Library/Developer/CommandLineTools/SDKs/MacOSX13.1.sdk -MD -MT CMakeFiles/cmTC_a7d00.dir/CurlTests.c.o -MF CMakeFiles/cmTC_a7d00.dir/CurlTests.c.o.d -o CMakeFiles/cmTC_a7d00.dir/CurlTests.c.o -c /Users/harshk/harsh_git/Adaptive-AUTOSAR/_deps/libcurl-src/CMake/CurlTests.c
/Users/harshk/harsh_git/Adaptive-AUTOSAR/_deps/libcurl-src/CMake/CurlTests.c:92:9: warning: initializing 'char *' with an expression of type 'const char[12]' discards qualifiers [-Wincompatible-pointer-types-discards-qualifiers]
  char *address = "example.com";
        ^         ~~~~~~~~~~~~~
/Users/harshk/harsh_git/Adaptive-AUTOSAR/_deps/libcurl-src/CMake/CurlTests.c:114:8: error: implicit declaration of function 'gethostbyname_r' is invalid in C99 [-Werror,-Wimplicit-function-declaration]
  rc = gethostbyname_r(address, &h, buffer, 8192, &h_errnop);
       ^
1 warning and 1 error generated.
make[1]: *** [CMakeFiles/cmTC_a7d00.dir/CurlTests.c.o] Error 1
make: *** [cmTC_a7d00/fast] Error 2


Performing Curl Test HAVE_GETHOSTBYNAME_R_6_REENTRANT failed with the following output:
Change Dir: /Users/harshk/harsh_git/Adaptive-AUTOSAR/CMakeFiles/CMakeTmp

Run Build Command(s):/opt/homebrew/Cellar/cmake/3.26.1/bin/cmake -E env VERBOSE=1 /usr/bin/make -f Makefile cmTC_5c3d2/fast && /Library/Developer/CommandLineTools/usr/bin/make  -f CMakeFiles/cmTC_5c3d2.dir/build.make CMakeFiles/cmTC_5c3d2.dir/build
Building C object CMakeFiles/cmTC_5c3d2.dir/CurlTests.c.o
/Library/Developer/CommandLineTools/usr/bin/cc -DcmTC_5c3d2_EXPORTS  -pedantic -Wall -W -Wpointer-arith -Wwrite-strings -Wunused -Wshadow -Winline -Wnested-externs -Wmissing-declarations -Wmissing-prototypes -Wfloat-equal -Wsign-compare -Wundef -Wendif-labels -Wstrict-prototypes -Wdeclaration-after-statement -Wcast-align -Wtype-limits -Wempty-body -Wignored-qualifiers -Wconversion -Wvla -Wdouble-promotion -Wenum-conversion -Wno-long-long -Wno-multichar -Wno-format-nonliteral -Wno-sign-conversion -Wno-system-headers -DHAVE_GETHOSTBYNAME_R_6_REENTRANT  -DHAVE_LDAP_H -DHAVE_LBER_H -DHAVE_INTTYPES_H -DHAVE_SYS_FILIO_H -DHAVE_SYS_IOCTL_H -DHAVE_SYS_PARAM_H -DHAVE_SYS_POLL_H -DHAVE_SYS_RESOURCE_H -DHAVE_SYS_SELECT_H -DHAVE_SYS_SOCKET_H -DHAVE_SYS_SOCKIO_H -DHAVE_SYS_STAT_H -DHAVE_SYS_TIME_H -DHAVE_SYS_TYPES_H -DHAVE_SYS_UN_H -DHAVE_SYS_XATTR_H -DHAVE_ARPA_INET_H -DHAVE_ARPA_TFTP_H -DHAVE_FCNTL_H -DHAVE_IFADDRS_H -DHAVE_LIBGEN_H -DHAVE_LOCALE_H -DHAVE_NET_IF_H -DHAVE_NETDB_H -DHAVE_NETINET_IN_H -DHAVE_NETINET_TCP_H -DHAVE_POLL_H -DHAVE_PWD_H -DHAVE_SETJMP_H -DHAVE_SIGNAL_H -DHAVE_STDATOMIC_H -DHAVE_STDBOOL_H -DHAVE_STDINT_H -DHAVE_STDLIB_H -DHAVE_STRING_H -DHAVE_STRINGS_H -DHAVE_TERMIOS_H -DHAVE_TIME_H -DHAVE_UNISTD_H -DHAVE_UTIME_H -DHAVE_STDDEF_H -DHAVE_STDINT_H -DHAVE_SYS_UTSNAME_H -arch arm64 -isysroot /Library/Developer/CommandLineTools/SDKs/MacOSX13.1.sdk -MD -MT CMakeFiles/cmTC_5c3d2.dir/CurlTests.c.o -MF CMakeFiles/cmTC_5c3d2.dir/CurlTests.c.o.d -o CMakeFiles/cmTC_5c3d2.dir/CurlTests.c.o -c /Users/harshk/harsh_git/Adaptive-AUTOSAR/_deps/libcurl-src/CMake/CurlTests.c
/Users/harshk/harsh_git/Adaptive-AUTOSAR/_deps/libcurl-src/CMake/CurlTests.c:92:9: warning: initializing 'char *' with an expression of type 'const char[12]' discards qualifiers [-Wincompatible-pointer-types-discards-qualifiers]
  char *address = "example.com";
        ^         ~~~~~~~~~~~~~
/Users/harshk/harsh_git/Adaptive-AUTOSAR/_deps/libcurl-src/CMake/CurlTests.c:118:8: error: implicit declaration of function 'gethostbyname_r' is invalid in C99 [-Werror,-Wimplicit-function-declaration]
  rc = gethostbyname_r(address, &h, buffer, 8192, &hp, &h_errnop);
       ^
1 warning and 1 error generated.
make[1]: *** [CMakeFiles/cmTC_5c3d2.dir/CurlTests.c.o] Error 1
make: *** [cmTC_5c3d2/fast] Error 2


Performing Curl Test HAVE_GLIBC_STRERROR_R failed with the following output:
Change Dir: /Users/harshk/harsh_git/Adaptive-AUTOSAR/CMakeFiles/CMakeTmp

Run Build Command(s):/opt/homebrew/Cellar/cmake/3.26.1/bin/cmake -E env VERBOSE=1 /usr/bin/make -f Makefile cmTC_edfe7/fast && /Library/Developer/CommandLineTools/usr/bin/make  -f CMakeFiles/cmTC_edfe7.dir/build.make CMakeFiles/cmTC_edfe7.dir/build
Building C object CMakeFiles/cmTC_edfe7.dir/CurlTests.c.o
/Library/Developer/CommandLineTools/usr/bin/cc -DcmTC_edfe7_EXPORTS  -pedantic -Wall -W -Wpointer-arith -Wwrite-strings -Wunused -Wshadow -Winline -Wnested-externs -Wmissing-declarations -Wmissing-prototypes -Wfloat-equal -Wsign-compare -Wundef -Wendif-labels -Wstrict-prototypes -Wdeclaration-after-statement -Wcast-align -Wtype-limits -Wempty-body -Wignored-qualifiers -Wconversion -Wvla -Wdouble-promotion -Wenum-conversion -Wno-long-long -Wno-multichar -Wno-format-nonliteral -Wno-sign-conversion -Wno-system-headers -DHAVE_GLIBC_STRERROR_R  -DHAVE_LDAP_H -DHAVE_LBER_H -DHAVE_INTTYPES_H -DHAVE_SYS_FILIO_H -DHAVE_SYS_IOCTL_H -DHAVE_SYS_PARAM_H -DHAVE_SYS_POLL_H -DHAVE_SYS_RESOURCE_H -DHAVE_SYS_SELECT_H -DHAVE_SYS_SOCKET_H -DHAVE_SYS_SOCKIO_H -DHAVE_SYS_STAT_H -DHAVE_SYS_TIME_H -DHAVE_SYS_TYPES_H -DHAVE_SYS_UN_H -DHAVE_SYS_XATTR_H -DHAVE_ARPA_INET_H -DHAVE_ARPA_TFTP_H -DHAVE_FCNTL_H -DHAVE_IFADDRS_H -DHAVE_LIBGEN_H -DHAVE_LOCALE_H -DHAVE_NET_IF_H -DHAVE_NETDB_H -DHAVE_NETINET_IN_H -DHAVE_NETINET_TCP_H -DHAVE_POLL_H -DHAVE_PWD_H -DHAVE_SETJMP_H -DHAVE_SIGNAL_H -DHAVE_STDATOMIC_H -DHAVE_STDBOOL_H -DHAVE_STDINT_H -DHAVE_STDLIB_H -DHAVE_STRING_H -DHAVE_STRINGS_H -DHAVE_TERMIOS_H -DHAVE_TIME_H -DHAVE_UNISTD_H -DHAVE_UTIME_H -DHAVE_STDDEF_H -DHAVE_STDINT_H -DHAVE_SYS_UTSNAME_H -arch arm64 -isysroot /Library/Developer/CommandLineTools/SDKs/MacOSX13.1.sdk -MD -MT CMakeFiles/cmTC_edfe7.dir/CurlTests.c.o -MF CMakeFiles/cmTC_edfe7.dir/CurlTests.c.o.d -o CMakeFiles/cmTC_edfe7.dir/CurlTests.c.o -c /Users/harshk/harsh_git/Adaptive-AUTOSAR/_deps/libcurl-src/CMake/CurlTests.c
/Users/harshk/harsh_git/Adaptive-AUTOSAR/_deps/libcurl-src/CMake/CurlTests.c:394:17: warning: unused parameter 'c' [-Wunused-parameter]
void check(char c) {}
                ^
/Users/harshk/harsh_git/Adaptive-AUTOSAR/_deps/libcurl-src/CMake/CurlTests.c:394:6: warning: no previous prototype for function 'check' [-Wmissing-prototypes]
void check(char c) {}
     ^
/Users/harshk/harsh_git/Adaptive-AUTOSAR/_deps/libcurl-src/CMake/CurlTests.c:394:1: note: declare 'static' if the function is not intended to be used outside of this translation unit
void check(char c) {}
^
static 
/Users/harshk/harsh_git/Adaptive-AUTOSAR/_deps/libcurl-src/CMake/CurlTests.c:400:51: error: subscripted value is not an array, pointer, or vector
  check(strerror_r(EACCES, buffer, sizeof(buffer))[0]);
        ~~~~~~~~~~~~~~~~~~~~~~~~~~~~~~~~~~~~~~~~~~^~
2 warnings and 1 error generated.
make[1]: *** [CMakeFiles/cmTC_edfe7.dir/CurlTests.c.o] Error 1
make: *** [cmTC_edfe7/fast] Error 2


